#
# There is insufficient memory for the Java Runtime Environment to continue.
# Native memory allocation (malloc) failed to allocate 1689936 bytes for Chunk::new
# Possible reasons:
#   The system is out of physical RAM or swap space
#   The process is running with CompressedOops enabled, and the Java Heap may be blocking the growth of the native heap
# Possible solutions:
#   Reduce memory load on the system
#   Increase physical memory or swap space
#   Check if swap backing store is full
#   Decrease Java heap size (-Xmx/-Xms)
#   Decrease number of Java threads
#   Decrease Java thread stack sizes (-Xss)
#   Set larger code cache with -XX:ReservedCodeCacheSize=
#   JVM is running with Unscaled Compressed Oops mode in which the Java heap is
#     placed in the first 4GB address space. The Java Heap base address is the
#     maximum limit for the native heap growth. Please use -XX:HeapBaseMinAddress
#     to set the Java Heap base and to place the Java Heap above 4GB virtual address.
# This output file may be truncated or incomplete.
#
#  Out of Memory Error (arena.cpp:189), pid=8408, tid=2016
#
# JRE version: OpenJDK Runtime Environment (17.0.7) (build 17.0.7+0-b2043.56-10550314)
# Java VM: OpenJDK 64-Bit Server VM (17.0.7+0-b2043.56-10550314, mixed mode, tiered, compressed oops, compressed class ptrs, g1 gc, windows-amd64)
# No core dump will be written. Minidumps are not enabled by default on client versions of Windows
#

---------------  S U M M A R Y ------------

Command Line: --add-opens=java.base/java.util=ALL-UNNAMED --add-opens=java.base/java.lang=ALL-UNNAMED --add-opens=java.base/java.lang.invoke=ALL-UNNAMED --add-opens=java.prefs/java.util.prefs=ALL-UNNAMED --add-opens=java.base/java.nio.charset=ALL-UNNAMED --add-opens=java.base/java.net=ALL-UNNAMED --add-opens=java.base/java.util.concurrent.atomic=ALL-UNNAMED -Xmx2048m -Dfile.encoding=UTF-8 -Duser.country=RU -Duser.language=ru -Duser.variant -javaagent:C:\Users\zhasm\.gradle\wrapper\dists\gradle-8.2-bin\bbg7u40eoinfdyxsxr3z4i7ta\gradle-8.2\lib\agents\gradle-instrumentation-agent-8.2.jar org.gradle.launcher.daemon.bootstrap.GradleDaemon 8.2

Host: AMD Ryzen 3 3250U with Radeon Graphics         , 4 cores, 3G,  Windows 10 , 64 bit Build 19041 (10.0.19041.3636)
Time: Thu Feb 15 22:43:00 2024  Windows 10 , 64 bit Build 19041 (10.0.19041.3636) elapsed time: 74.891041 seconds (0d 0h 1m 14s)

---------------  T H R E A D  ---------------

Current thread (0x0000028242529270):  JavaThread "C2 CompilerThread0" daemon [_thread_in_native, id=2016, stack(0x000000c4ef700000,0x000000c4ef800000)]


Current CompileTask:
C2:  74891 5103   !   4       java.net.URLClassLoader::findClass (47 bytes)

Stack: [0x000000c4ef700000,0x000000c4ef800000]
Native frames: (J=compiled Java code, j=interpreted, Vv=VM code, C=native code)
V  [jvm.dll+0x683bfa]
V  [jvm.dll+0x8430a4]
V  [jvm.dll+0x8449be]
V  [jvm.dll+0x845023]
V  [jvm.dll+0x24ad2f]
V  [jvm.dll+0xac25c]
V  [jvm.dll+0xac82c]
V  [jvm.dll+0x36a132]
V  [jvm.dll+0x334821]
V  [jvm.dll+0x333cca]
V  [jvm.dll+0x21d251]
V  [jvm.dll+0x21c671]
V  [jvm.dll+0x1a605d]
V  [jvm.dll+0x22c148]
V  [jvm.dll+0x22a209]
V  [jvm.dll+0x7f858c]
V  [jvm.dll+0x7f2aea]
V  [jvm.dll+0x682a35]
C  [ucrtbase.dll+0x21bb2]
C  [KERNEL32.DLL+0x17344]
C  [ntdll.dll+0x526b1]


---------------  P R O C E S S  ---------------

Threads class SMR info:
_java_thread_list=0x0000028249082e50, length=40, elements={
0x0000028228f682e0, 0x00000282424ea960, 0x00000282424eb4e0, 0x000002824250d140,
0x000002824250da00, 0x000002824250e2c0, 0x00000282427c7460, 0x0000028242529270,
0x0000028242529b70, 0x000002824252d400, 0x000002824248d3b0, 0x00000282429efa20,
0x0000028247fbd460, 0x0000028247aaa260, 0x000002824825e730, 0x000002824783fac0,
0x0000028248227bb0, 0x0000028247a24270, 0x00000282471ca510, 0x0000028248003d80,
0x0000028248004250, 0x0000028248002570, 0x0000028248005590, 0x0000028248004720,
0x0000028248005a60, 0x00000282480033e0, 0x0000028248002a40, 0x00000282480020a0,
0x00000282480038b0, 0x0000028248002f10, 0x00000282480050c0, 0x0000028248c7f080,
0x0000028248c7e6e0, 0x0000028248c7fef0, 0x0000028248c7c060, 0x0000028248c7ced0,
0x0000028248c7ad20, 0x0000028248c7e210, 0x0000028248c7b1f0, 0x0000028248c81230
}

Java Threads: ( => current thread )
  0x0000028228f682e0 JavaThread "main" [_thread_blocked, id=4716, stack(0x000000c4eea00000,0x000000c4eeb00000)]
  0x00000282424ea960 JavaThread "Reference Handler" daemon [_thread_blocked, id=14168, stack(0x000000c4ef100000,0x000000c4ef200000)]
  0x00000282424eb4e0 JavaThread "Finalizer" daemon [_thread_blocked, id=8020, stack(0x000000c4ef200000,0x000000c4ef300000)]
  0x000002824250d140 JavaThread "Signal Dispatcher" daemon [_thread_blocked, id=12040, stack(0x000000c4ef300000,0x000000c4ef400000)]
  0x000002824250da00 JavaThread "Attach Listener" daemon [_thread_blocked, id=11580, stack(0x000000c4ef400000,0x000000c4ef500000)]
  0x000002824250e2c0 JavaThread "Service Thread" daemon [_thread_blocked, id=7044, stack(0x000000c4ef500000,0x000000c4ef600000)]
  0x00000282427c7460 JavaThread "Monitor Deflation Thread" daemon [_thread_blocked, id=8904, stack(0x000000c4ef600000,0x000000c4ef700000)]
=>0x0000028242529270 JavaThread "C2 CompilerThread0" daemon [_thread_in_native, id=2016, stack(0x000000c4ef700000,0x000000c4ef800000)]
  0x0000028242529b70 JavaThread "C1 CompilerThread0" daemon [_thread_blocked, id=12612, stack(0x000000c4ef800000,0x000000c4ef900000)]
  0x000002824252d400 JavaThread "Sweeper thread" daemon [_thread_blocked, id=7880, stack(0x000000c4ef900000,0x000000c4efa00000)]
  0x000002824248d3b0 JavaThread "Common-Cleaner" daemon [_thread_blocked, id=11648, stack(0x000000c4efa00000,0x000000c4efb00000)]
  0x00000282429efa20 JavaThread "Notification Thread" daemon [_thread_blocked, id=10924, stack(0x000000c4efb00000,0x000000c4efc00000)]
  0x0000028247fbd460 JavaThread "Daemon health stats" [_thread_blocked, id=10548, stack(0x000000c4f0000000,0x000000c4f0100000)]
  0x0000028247aaa260 JavaThread "Incoming local TCP Connector on port 3269" [_thread_in_native, id=12064, stack(0x000000c4f0100000,0x000000c4f0200000)]
  0x000002824825e730 JavaThread "Daemon periodic checks" [_thread_blocked, id=6512, stack(0x000000c4f0200000,0x000000c4f0300000)]
  0x000002824783fac0 JavaThread "Daemon" [_thread_blocked, id=5108, stack(0x000000c4f0300000,0x000000c4f0400000)]
  0x0000028248227bb0 JavaThread "Handler for socket connection from /127.0.0.1:3269 to /127.0.0.1:3270" [_thread_in_native, id=11708, stack(0x000000c4f0400000,0x000000c4f0500000)]
  0x0000028247a24270 JavaThread "Cancel handler" [_thread_blocked, id=4808, stack(0x000000c4f0500000,0x000000c4f0600000)]
  0x00000282471ca510 JavaThread "Daemon worker" [_thread_in_vm, id=11296, stack(0x000000c4f0600000,0x000000c4f0700000)]
  0x0000028248003d80 JavaThread "Asynchronous log dispatcher for DefaultDaemonConnection: socket connection from /127.0.0.1:3269 to /127.0.0.1:3270" [_thread_blocked, id=1776, stack(0x000000c4f0700000,0x000000c4f0800000)]
  0x0000028248004250 JavaThread "Stdin handler" [_thread_blocked, id=1840, stack(0x000000c4f0800000,0x000000c4f0900000)]
  0x0000028248002570 JavaThread "Daemon client event forwarder" [_thread_blocked, id=1920, stack(0x000000c4f0900000,0x000000c4f0a00000)]
  0x0000028248005590 JavaThread "Cache worker for journal cache (C:\Users\zhasm\.gradle\caches\journal-1)" [_thread_blocked, id=2144, stack(0x000000c4f0a00000,0x000000c4f0b00000)]
  0x0000028248004720 JavaThread "File lock request listener" [_thread_in_native, id=2272, stack(0x000000c4f0b00000,0x000000c4f0c00000)]
  0x0000028248005a60 JavaThread "Cache worker for file hash cache (C:\Users\zhasm\.gradle\caches\8.2\fileHashes)" [_thread_blocked, id=1768, stack(0x000000c4f0c00000,0x000000c4f0d00000)]
  0x00000282480033e0 JavaThread "File watcher server" daemon [_thread_in_native, id=9116, stack(0x000000c4f0d00000,0x000000c4f0e00000)]
  0x0000028248002a40 JavaThread "File watcher consumer" daemon [_thread_blocked, id=13804, stack(0x000000c4f0e00000,0x000000c4f0f00000)]
  0x00000282480020a0 JavaThread "jar transforms" [_thread_blocked, id=13672, stack(0x000000c4f0f00000,0x000000c4f1000000)]
  0x00000282480038b0 JavaThread "jar transforms Thread 2" [_thread_blocked, id=6888, stack(0x000000c4f1000000,0x000000c4f1100000)]
  0x0000028248002f10 JavaThread "jar transforms Thread 3" [_thread_blocked, id=7924, stack(0x000000c4f1100000,0x000000c4f1200000)]
  0x00000282480050c0 JavaThread "jar transforms Thread 4" [_thread_blocked, id=13596, stack(0x000000c4f1200000,0x000000c4f1300000)]
  0x0000028248c7f080 JavaThread "Cache worker for checksums cache (C:\Users\zhasm\AndroidStudioProjects\MyApplication\.gradle\8.2\checksums)" [_thread_blocked, id=9772, stack(0x000000c4f1300000,0x000000c4f1400000)]
  0x0000028248c7e6e0 JavaThread "Cache worker for cache directory md-rule (C:\Users\zhasm\.gradle\caches\8.2\md-rule)" [_thread_blocked, id=14140, stack(0x000000c4f1400000,0x000000c4f1500000)]
  0x0000028248c7fef0 JavaThread "Cache worker for file content cache (C:\Users\zhasm\.gradle\caches\8.2\fileContent)" [_thread_blocked, id=2152, stack(0x000000c4f1500000,0x000000c4f1600000)]
  0x0000028248c7c060 JavaThread "Cache worker for file hash cache (C:\Users\zhasm\AndroidStudioProjects\MyApplication\.gradle\8.2\fileHashes)" [_thread_blocked, id=9916, stack(0x000000c4f1600000,0x000000c4f1700000)]
  0x0000028248c7ced0 JavaThread "Cache worker for cache directory md-supplier (C:\Users\zhasm\.gradle\caches\8.2\md-supplier)" [_thread_blocked, id=2516, stack(0x000000c4f1700000,0x000000c4f1800000)]
  0x0000028248c7ad20 JavaThread "File lock release action executor" [_thread_blocked, id=14124, stack(0x000000c4f1800000,0x000000c4f1900000)]
  0x0000028248c7e210 JavaThread "Cache worker for execution history cache (C:\Users\zhasm\.gradle\caches\8.2\executionHistory)" [_thread_blocked, id=13564, stack(0x000000c4f1900000,0x000000c4f1a00000)]
  0x0000028248c7b1f0 JavaThread "Cache worker for kotlin-dsl (C:\Users\zhasm\.gradle\caches\8.2\kotlin-dsl)" [_thread_blocked, id=8968, stack(0x000000c4ee700000,0x000000c4ee800000)]
  0x0000028248c81230 JavaThread "Cache worker for dependencies-accessors (C:\Users\zhasm\AndroidStudioProjects\MyApplication\.gradle\8.2\dependencies-accessors)" [_thread_blocked, id=1844, stack(0x000000c4ee800000,0x000000c4ee900000)]

Other Threads:
  0x0000028242500a30 VMThread "VM Thread" [stack: 0x000000c4ef000000,0x000000c4ef100000] [id=11020]
  0x00000282429efef0 WatcherThread [stack: 0x000000c4efc00000,0x000000c4efd00000] [id=5200]
  0x0000028228fc26d0 GCTaskThread "GC Thread#0" [stack: 0x000000c4eeb00000,0x000000c4eec00000] [id=15248]
  0x0000028242b9ec80 GCTaskThread "GC Thread#1" [stack: 0x000000c4efd00000,0x000000c4efe00000] [id=14156]
  0x00000282474dde20 GCTaskThread "GC Thread#2" [stack: 0x000000c4efe00000,0x000000c4eff00000] [id=7188]
  0x00000282472b4080 GCTaskThread "GC Thread#3" [stack: 0x000000c4eff00000,0x000000c4f0000000] [id=11352]
  0x0000028228fd3bc0 ConcurrentGCThread "G1 Main Marker" [stack: 0x000000c4eec00000,0x000000c4eed00000] [id=11516]
  0x0000028228fd43e0 ConcurrentGCThread "G1 Conc#0" [stack: 0x000000c4eed00000,0x000000c4eee00000] [id=1980]
  0x000002822900fd80 ConcurrentGCThread "G1 Refine#0" [stack: 0x000000c4eee00000,0x000000c4eef00000] [id=9992]
  0x00000282499dd3d0 ConcurrentGCThread "G1 Refine#1" [stack: 0x000000c4f1c00000,0x000000c4f1d00000] [id=14384]
  0x00000282290115c0 ConcurrentGCThread "G1 Service" [stack: 0x000000c4eef00000,0x000000c4ef000000] [id=8012]

Threads with active compile tasks:
C2 CompilerThread0    75084 5103   !   4       java.net.URLClassLoader::findClass (47 bytes)

VM state: not at safepoint (normal execution)

VM Mutex/Monitor currently owned by a thread: None

Heap address: 0x0000000080000000, size: 2048 MB, Compressed Oops mode: 32-bit

CDS archive(s) not mapped
Compressed class space mapped at: 0x0000000100000000-0x0000000140000000, reserved size: 1073741824
Narrow klass base: 0x0000000000000000, Narrow klass shift: 3, Narrow klass range: 0x140000000

GC Precious Log:
 CPUs: 4 total, 4 available
 Memory: 3504M
 Large Page Support: Disabled
 NUMA Support: Disabled
 Compressed Oops: Enabled (32-bit)
 Heap Region Size: 1M
 Heap Min Capacity: 8M
 Heap Initial Capacity: 56M
 Heap Max Capacity: 2G
 Pre-touch: Disabled
 Parallel Workers: 4
 Concurrent Workers: 1
 Concurrent Refinement Workers: 4
 Periodic GC: Disabled

Heap:
 garbage-first heap   total 140288K, used 74489K [0x0000000080000000, 0x0000000100000000)
  region size 1024K, 11 young (11264K), 3 survivors (3072K)
 Metaspace       used 53545K, committed 54144K, reserved 1114112K
  class space    used 7177K, committed 7488K, reserved 1048576K

Heap Regions: E=young(eden), S=young(survivor), O=old, HS=humongous(starts), HC=humongous(continues), CS=collection set, F=free, OA=open archive, CA=closed archive, TAMS=top-at-mark-start (previous, next)
|   0|0x0000000080000000, 0x0000000080100000, 0x0000000080100000|100%| O|  |TAMS 0x0000000080100000, 0x0000000080000000| Untracked 
|   1|0x0000000080100000, 0x0000000080200000, 0x0000000080200000|100%| O|  |TAMS 0x0000000080200000, 0x0000000080100000| Untracked 
|   2|0x0000000080200000, 0x0000000080300000, 0x0000000080300000|100%|HS|  |TAMS 0x0000000080300000, 0x0000000080200000| Complete 
|   3|0x0000000080300000, 0x0000000080400000, 0x0000000080400000|100%|HC|  |TAMS 0x0000000080400000, 0x0000000080300000| Complete 
|   4|0x0000000080400000, 0x0000000080500000, 0x0000000080500000|100%|HC|  |TAMS 0x0000000080500000, 0x0000000080400000| Complete 
|   5|0x0000000080500000, 0x0000000080600000, 0x0000000080600000|100%|HC|  |TAMS 0x0000000080600000, 0x0000000080500000| Complete 
|   6|0x0000000080600000, 0x0000000080700000, 0x0000000080700000|100%| O|  |TAMS 0x0000000080700000, 0x0000000080600000| Untracked 
|   7|0x0000000080700000, 0x0000000080800000, 0x0000000080800000|100%| O|  |TAMS 0x0000000080800000, 0x0000000080700000| Untracked 
|   8|0x0000000080800000, 0x0000000080900000, 0x0000000080900000|100%| O|  |TAMS 0x0000000080900000, 0x0000000080800000| Untracked 
|   9|0x0000000080900000, 0x0000000080a00000, 0x0000000080a00000|100%| O|  |TAMS 0x0000000080a00000, 0x0000000080900000| Untracked 
|  10|0x0000000080a00000, 0x0000000080b00000, 0x0000000080b00000|100%| O|  |TAMS 0x0000000080b00000, 0x0000000080a00000| Complete 
|  11|0x0000000080b00000, 0x0000000080c00000, 0x0000000080c00000|100%| O|  |TAMS 0x0000000080c00000, 0x0000000080b00000| Untracked 
|  12|0x0000000080c00000, 0x0000000080d00000, 0x0000000080d00000|100%| O|  |TAMS 0x0000000080d00000, 0x0000000080c00000| Untracked 
|  13|0x0000000080d00000, 0x0000000080e00000, 0x0000000080e00000|100%| O|  |TAMS 0x0000000080e00000, 0x0000000080d00000| Untracked 
|  14|0x0000000080e00000, 0x0000000080f00000, 0x0000000080f00000|100%| O|  |TAMS 0x0000000080f00000, 0x0000000080e00000| Untracked 
|  15|0x0000000080f00000, 0x0000000081000000, 0x0000000081000000|100%| O|  |TAMS 0x0000000081000000, 0x0000000080f00000| Untracked 
|  16|0x0000000081000000, 0x0000000081100000, 0x0000000081100000|100%| O|  |TAMS 0x0000000081100000, 0x0000000081000000| Untracked 
|  17|0x0000000081100000, 0x0000000081200000, 0x0000000081200000|100%| O|  |TAMS 0x0000000081200000, 0x0000000081100000| Untracked 
|  18|0x0000000081200000, 0x0000000081300000, 0x0000000081300000|100%| O|  |TAMS 0x0000000081300000, 0x0000000081200000| Untracked 
|  19|0x0000000081300000, 0x0000000081400000, 0x0000000081400000|100%|HS|  |TAMS 0x0000000081400000, 0x0000000081300000| Complete 
|  20|0x0000000081400000, 0x0000000081500000, 0x0000000081500000|100%|HC|  |TAMS 0x0000000081500000, 0x0000000081400000| Complete 
|  21|0x0000000081500000, 0x0000000081600000, 0x0000000081600000|100%|HS|  |TAMS 0x0000000081600000, 0x0000000081500000| Complete 
|  22|0x0000000081600000, 0x0000000081700000, 0x0000000081700000|100%|HC|  |TAMS 0x0000000081700000, 0x0000000081600000| Complete 
|  23|0x0000000081700000, 0x0000000081800000, 0x0000000081800000|100%|HC|  |TAMS 0x0000000081800000, 0x0000000081700000| Complete 
|  24|0x0000000081800000, 0x0000000081900000, 0x0000000081900000|100%| O|  |TAMS 0x0000000081900000, 0x0000000081800000| Untracked 
|  25|0x0000000081900000, 0x0000000081a00000, 0x0000000081a00000|100%| O|  |TAMS 0x0000000081a00000, 0x0000000081900000| Untracked 
|  26|0x0000000081a00000, 0x0000000081b00000, 0x0000000081b00000|100%|HS|  |TAMS 0x0000000081b00000, 0x0000000081a00000| Complete 
|  27|0x0000000081b00000, 0x0000000081c00000, 0x0000000081c00000|100%|HC|  |TAMS 0x0000000081c00000, 0x0000000081b00000| Complete 
|  28|0x0000000081c00000, 0x0000000081d00000, 0x0000000081d00000|100%| O|  |TAMS 0x0000000081d00000, 0x0000000081c00000| Untracked 
|  29|0x0000000081d00000, 0x0000000081e00000, 0x0000000081e00000|100%| O|  |TAMS 0x0000000081e00000, 0x0000000081d00000| Untracked 
|  30|0x0000000081e00000, 0x0000000081f00000, 0x0000000081f00000|100%| O|  |TAMS 0x0000000081f00000, 0x0000000081e00000| Untracked 
|  31|0x0000000081f00000, 0x0000000082000000, 0x0000000082000000|100%| O|  |TAMS 0x0000000082000000, 0x0000000081f00000| Untracked 
|  32|0x0000000082000000, 0x0000000082100000, 0x0000000082100000|100%|HS|  |TAMS 0x0000000082100000, 0x0000000082000000| Complete 
|  33|0x0000000082100000, 0x0000000082200000, 0x0000000082200000|100%|HC|  |TAMS 0x0000000082200000, 0x0000000082100000| Complete 
|  34|0x0000000082200000, 0x0000000082300000, 0x0000000082300000|100%|HC|  |TAMS 0x0000000082300000, 0x0000000082200000| Complete 
|  35|0x0000000082300000, 0x0000000082400000, 0x0000000082400000|100%|HC|  |TAMS 0x0000000082400000, 0x0000000082300000| Complete 
|  36|0x0000000082400000, 0x0000000082500000, 0x0000000082500000|100%|HC|  |TAMS 0x0000000082500000, 0x0000000082400000| Complete 
|  37|0x0000000082500000, 0x0000000082600000, 0x0000000082600000|100%|HC|  |TAMS 0x0000000082600000, 0x0000000082500000| Complete 
|  38|0x0000000082600000, 0x0000000082700000, 0x0000000082700000|100%|HC|  |TAMS 0x0000000082700000, 0x0000000082600000| Complete 
|  39|0x0000000082700000, 0x0000000082800000, 0x0000000082800000|100%|HC|  |TAMS 0x0000000082800000, 0x0000000082700000| Complete 
|  40|0x0000000082800000, 0x0000000082900000, 0x0000000082900000|100%|HC|  |TAMS 0x0000000082900000, 0x0000000082800000| Complete 
|  41|0x0000000082900000, 0x0000000082a00000, 0x0000000082a00000|100%|HC|  |TAMS 0x0000000082a00000, 0x0000000082900000| Complete 
|  42|0x0000000082a00000, 0x0000000082b00000, 0x0000000082b00000|100%|HC|  |TAMS 0x0000000082b00000, 0x0000000082a00000| Complete 
|  43|0x0000000082b00000, 0x0000000082c00000, 0x0000000082c00000|100%|HC|  |TAMS 0x0000000082c00000, 0x0000000082b00000| Complete 
|  44|0x0000000082c00000, 0x0000000082d00000, 0x0000000082d00000|100%| O|  |TAMS 0x0000000082d00000, 0x0000000082c00000| Untracked 
|  45|0x0000000082d00000, 0x0000000082e00000, 0x0000000082e00000|100%|HS|  |TAMS 0x0000000082e00000, 0x0000000082d00000| Complete 
|  46|0x0000000082e00000, 0x0000000082f00000, 0x0000000082f00000|100%|HC|  |TAMS 0x0000000082f00000, 0x0000000082e00000| Complete 
|  47|0x0000000082f00000, 0x0000000083000000, 0x0000000083000000|100%| O|  |TAMS 0x0000000083000000, 0x0000000082f00000| Untracked 
|  48|0x0000000083000000, 0x0000000083100000, 0x0000000083100000|100%| O|  |TAMS 0x0000000083100000, 0x0000000083000000| Untracked 
|  49|0x0000000083100000, 0x0000000083200000, 0x0000000083200000|100%| O|  |TAMS 0x0000000083200000, 0x0000000083100000| Untracked 
|  50|0x0000000083200000, 0x0000000083300000, 0x0000000083300000|100%| O|  |TAMS 0x0000000083300000, 0x0000000083200000| Untracked 
|  51|0x0000000083300000, 0x0000000083400000, 0x0000000083400000|100%| O|  |TAMS 0x0000000083400000, 0x0000000083300000| Untracked 
|  52|0x0000000083400000, 0x0000000083500000, 0x0000000083500000|100%| O|  |TAMS 0x0000000083500000, 0x0000000083400000| Untracked 
|  53|0x0000000083500000, 0x0000000083600000, 0x0000000083600000|100%| O|  |TAMS 0x0000000083600000, 0x0000000083500000| Untracked 
|  54|0x0000000083600000, 0x0000000083700000, 0x0000000083700000|100%| O|  |TAMS 0x0000000083700000, 0x0000000083600000| Untracked 
|  55|0x0000000083700000, 0x0000000083800000, 0x0000000083800000|100%| O|  |TAMS 0x0000000083800000, 0x0000000083700000| Untracked 
|  56|0x0000000083800000, 0x0000000083900000, 0x0000000083900000|100%|HS|  |TAMS 0x0000000083900000, 0x0000000083800000| Complete 
|  57|0x0000000083900000, 0x0000000083a00000, 0x0000000083a00000|100%|HC|  |TAMS 0x0000000083a00000, 0x0000000083900000| Complete 
|  58|0x0000000083a00000, 0x0000000083b00000, 0x0000000083b00000|100%|HC|  |TAMS 0x0000000083b00000, 0x0000000083a00000| Complete 
|  59|0x0000000083b00000, 0x0000000083c00000, 0x0000000083c00000|100%| O|  |TAMS 0x0000000083c00000, 0x0000000083b00000| Untracked 
|  60|0x0000000083c00000, 0x0000000083d00000, 0x0000000083d00000|100%| O|  |TAMS 0x0000000083d00000, 0x0000000083c00000| Untracked 
|  61|0x0000000083d00000, 0x0000000083e00000, 0x0000000083e00000|100%| O|  |TAMS 0x0000000083e00000, 0x0000000083d00000| Untracked 
|  62|0x0000000083e00000, 0x0000000083ebe600, 0x0000000083f00000| 74%| O|  |TAMS 0x0000000083e0d600, 0x0000000083e00000| Untracked 
|  63|0x0000000083f00000, 0x0000000083f00000, 0x0000000084000000|  0%| F|  |TAMS 0x0000000083f00000, 0x0000000083f00000| Untracked 
|  64|0x0000000084000000, 0x0000000084000000, 0x0000000084100000|  0%| F|  |TAMS 0x0000000084000000, 0x0000000084000000| Untracked 
|  65|0x0000000084100000, 0x0000000084100000, 0x0000000084200000|  0%| F|  |TAMS 0x0000000084100000, 0x0000000084100000| Untracked 
|  66|0x0000000084200000, 0x0000000084200000, 0x0000000084300000|  0%| F|  |TAMS 0x0000000084200000, 0x0000000084200000| Untracked 
|  67|0x0000000084300000, 0x0000000084300000, 0x0000000084400000|  0%| F|  |TAMS 0x0000000084300000, 0x0000000084300000| Untracked 
|  68|0x0000000084400000, 0x0000000084400000, 0x0000000084500000|  0%| F|  |TAMS 0x0000000084400000, 0x0000000084400000| Untracked 
|  69|0x0000000084500000, 0x0000000084500000, 0x0000000084600000|  0%| F|  |TAMS 0x0000000084500000, 0x0000000084500000| Untracked 
|  70|0x0000000084600000, 0x0000000084600000, 0x0000000084700000|  0%| F|  |TAMS 0x0000000084600000, 0x0000000084600000| Untracked 
|  71|0x0000000084700000, 0x0000000084700000, 0x0000000084800000|  0%| F|  |TAMS 0x0000000084700000, 0x0000000084700000| Untracked 
|  72|0x0000000084800000, 0x0000000084800000, 0x0000000084900000|  0%| F|  |TAMS 0x0000000084800000, 0x0000000084800000| Untracked 
|  73|0x0000000084900000, 0x0000000084900000, 0x0000000084a00000|  0%| F|  |TAMS 0x0000000084900000, 0x0000000084900000| Untracked 
|  74|0x0000000084a00000, 0x0000000084a00000, 0x0000000084b00000|  0%| F|  |TAMS 0x0000000084a00000, 0x0000000084a00000| Untracked 
|  75|0x0000000084b00000, 0x0000000084b00000, 0x0000000084c00000|  0%| F|  |TAMS 0x0000000084b00000, 0x0000000084b00000| Untracked 
|  76|0x0000000084c00000, 0x0000000084c00000, 0x0000000084d00000|  0%| F|  |TAMS 0x0000000084c00000, 0x0000000084c00000| Untracked 
|  77|0x0000000084d00000, 0x0000000084d00000, 0x0000000084e00000|  0%| F|  |TAMS 0x0000000084d00000, 0x0000000084d00000| Untracked 
|  78|0x0000000084e00000, 0x0000000084e00000, 0x0000000084f00000|  0%| F|  |TAMS 0x0000000084e00000, 0x0000000084e00000| Untracked 
|  79|0x0000000084f00000, 0x0000000084f00000, 0x0000000085000000|  0%| F|  |TAMS 0x0000000084f00000, 0x0000000084f00000| Untracked 
|  80|0x0000000085000000, 0x0000000085000000, 0x0000000085100000|  0%| F|  |TAMS 0x0000000085000000, 0x0000000085000000| Untracked 
|  81|0x0000000085100000, 0x0000000085100000, 0x0000000085200000|  0%| F|  |TAMS 0x0000000085100000, 0x0000000085100000| Untracked 
|  82|0x0000000085200000, 0x0000000085200000, 0x0000000085300000|  0%| F|  |TAMS 0x0000000085200000, 0x0000000085200000| Untracked 
|  83|0x0000000085300000, 0x0000000085400000, 0x0000000085400000|100%| S|CS|TAMS 0x0000000085300000, 0x0000000085300000| Complete 
|  84|0x0000000085400000, 0x0000000085500000, 0x0000000085500000|100%| S|CS|TAMS 0x0000000085400000, 0x0000000085400000| Complete 
|  85|0x0000000085500000, 0x0000000085600000, 0x0000000085600000|100%| S|CS|TAMS 0x0000000085500000, 0x0000000085500000| Complete 
|  86|0x0000000085600000, 0x0000000085600000, 0x0000000085700000|  0%| F|  |TAMS 0x0000000085600000, 0x0000000085600000| Untracked 
|  87|0x0000000085700000, 0x0000000085700000, 0x0000000085800000|  0%| F|  |TAMS 0x0000000085700000, 0x0000000085700000| Untracked 
|  88|0x0000000085800000, 0x0000000085800000, 0x0000000085900000|  0%| F|  |TAMS 0x0000000085800000, 0x0000000085800000| Untracked 
|  89|0x0000000085900000, 0x0000000085900000, 0x0000000085a00000|  0%| F|  |TAMS 0x0000000085900000, 0x0000000085900000| Untracked 
|  90|0x0000000085a00000, 0x0000000085a00000, 0x0000000085b00000|  0%| F|  |TAMS 0x0000000085a00000, 0x0000000085a00000| Untracked 
|  91|0x0000000085b00000, 0x0000000085b00000, 0x0000000085c00000|  0%| F|  |TAMS 0x0000000085b00000, 0x0000000085b00000| Untracked 
|  92|0x0000000085c00000, 0x0000000085c00000, 0x0000000085d00000|  0%| F|  |TAMS 0x0000000085c00000, 0x0000000085c00000| Untracked 
|  93|0x0000000085d00000, 0x0000000085d00000, 0x0000000085e00000|  0%| F|  |TAMS 0x0000000085d00000, 0x0000000085d00000| Untracked 
|  94|0x0000000085e00000, 0x0000000085e00000, 0x0000000085f00000|  0%| F|  |TAMS 0x0000000085e00000, 0x0000000085e00000| Untracked 
|  95|0x0000000085f00000, 0x0000000085f00000, 0x0000000086000000|  0%| F|  |TAMS 0x0000000085f00000, 0x0000000085f00000| Untracked 
|  96|0x0000000086000000, 0x0000000086000000, 0x0000000086100000|  0%| F|  |TAMS 0x0000000086000000, 0x0000000086000000| Untracked 
|  97|0x0000000086100000, 0x0000000086100000, 0x0000000086200000|  0%| F|  |TAMS 0x0000000086100000, 0x0000000086100000| Untracked 
|  98|0x0000000086200000, 0x0000000086200000, 0x0000000086300000|  0%| F|  |TAMS 0x0000000086200000, 0x0000000086200000| Untracked 
|  99|0x0000000086300000, 0x0000000086300000, 0x0000000086400000|  0%| F|  |TAMS 0x0000000086300000, 0x0000000086300000| Untracked 
| 100|0x0000000086400000, 0x0000000086400000, 0x0000000086500000|  0%| F|  |TAMS 0x0000000086400000, 0x0000000086400000| Untracked 
| 101|0x0000000086500000, 0x0000000086500000, 0x0000000086600000|  0%| F|  |TAMS 0x0000000086500000, 0x0000000086500000| Untracked 
| 102|0x0000000086600000, 0x0000000086600000, 0x0000000086700000|  0%| F|  |TAMS 0x0000000086600000, 0x0000000086600000| Untracked 
| 103|0x0000000086700000, 0x0000000086700000, 0x0000000086800000|  0%| F|  |TAMS 0x0000000086700000, 0x0000000086700000| Untracked 
| 104|0x0000000086800000, 0x0000000086800000, 0x0000000086900000|  0%| F|  |TAMS 0x0000000086800000, 0x0000000086800000| Untracked 
| 105|0x0000000086900000, 0x0000000086900000, 0x0000000086a00000|  0%| F|  |TAMS 0x0000000086900000, 0x0000000086900000| Untracked 
| 106|0x0000000086a00000, 0x0000000086a00000, 0x0000000086b00000|  0%| F|  |TAMS 0x0000000086a00000, 0x0000000086a00000| Untracked 
| 107|0x0000000086b00000, 0x0000000086b00000, 0x0000000086c00000|  0%| F|  |TAMS 0x0000000086b00000, 0x0000000086b00000| Untracked 
| 108|0x0000000086c00000, 0x0000000086c00000, 0x0000000086d00000|  0%| F|  |TAMS 0x0000000086c00000, 0x0000000086c00000| Untracked 
| 109|0x0000000086d00000, 0x0000000086d00000, 0x0000000086e00000|  0%| F|  |TAMS 0x0000000086d00000, 0x0000000086d00000| Untracked 
| 110|0x0000000086e00000, 0x0000000086e00000, 0x0000000086f00000|  0%| F|  |TAMS 0x0000000086e00000, 0x0000000086e00000| Untracked 
| 111|0x0000000086f00000, 0x0000000086f00000, 0x0000000087000000|  0%| F|  |TAMS 0x0000000086f00000, 0x0000000086f00000| Untracked 
| 112|0x0000000087000000, 0x0000000087000000, 0x0000000087100000|  0%| F|  |TAMS 0x0000000087000000, 0x0000000087000000| Untracked 
| 113|0x0000000087100000, 0x0000000087100000, 0x0000000087200000|  0%| F|  |TAMS 0x0000000087100000, 0x0000000087100000| Untracked 
| 114|0x0000000087200000, 0x0000000087200000, 0x0000000087300000|  0%| F|  |TAMS 0x0000000087200000, 0x0000000087200000| Untracked 
| 115|0x0000000087300000, 0x0000000087300000, 0x0000000087400000|  0%| F|  |TAMS 0x0000000087300000, 0x0000000087300000| Untracked 
| 116|0x0000000087400000, 0x0000000087400000, 0x0000000087500000|  0%| F|  |TAMS 0x0000000087400000, 0x0000000087400000| Untracked 
| 117|0x0000000087500000, 0x0000000087500000, 0x0000000087600000|  0%| F|  |TAMS 0x0000000087500000, 0x0000000087500000| Untracked 
| 118|0x0000000087600000, 0x0000000087600000, 0x0000000087700000|  0%| F|  |TAMS 0x0000000087600000, 0x0000000087600000| Untracked 
| 119|0x0000000087700000, 0x0000000087700000, 0x0000000087800000|  0%| F|  |TAMS 0x0000000087700000, 0x0000000087700000| Untracked 
| 120|0x0000000087800000, 0x0000000087800000, 0x0000000087900000|  0%| F|  |TAMS 0x0000000087800000, 0x0000000087800000| Untracked 
| 121|0x0000000087900000, 0x0000000087900000, 0x0000000087a00000|  0%| F|  |TAMS 0x0000000087900000, 0x0000000087900000| Untracked 
| 122|0x0000000087a00000, 0x0000000087a00000, 0x0000000087b00000|  0%| F|  |TAMS 0x0000000087a00000, 0x0000000087a00000| Untracked 
| 123|0x0000000087b00000, 0x0000000087b00000, 0x0000000087c00000|  0%| F|  |TAMS 0x0000000087b00000, 0x0000000087b00000| Untracked 
| 124|0x0000000087c00000, 0x0000000087c00000, 0x0000000087d00000|  0%| F|  |TAMS 0x0000000087c00000, 0x0000000087c00000| Untracked 
| 125|0x0000000087d00000, 0x0000000087d00000, 0x0000000087e00000|  0%| F|  |TAMS 0x0000000087d00000, 0x0000000087d00000| Untracked 
| 126|0x0000000087e00000, 0x0000000087e00000, 0x0000000087f00000|  0%| F|  |TAMS 0x0000000087e00000, 0x0000000087e00000| Untracked 
| 127|0x0000000087f00000, 0x0000000087f00000, 0x0000000088000000|  0%| F|  |TAMS 0x0000000087f00000, 0x0000000087f00000| Untracked 
| 128|0x0000000088000000, 0x0000000088000000, 0x0000000088100000|  0%| F|  |TAMS 0x0000000088000000, 0x0000000088000000| Untracked 
| 129|0x0000000088100000, 0x0000000088200000, 0x0000000088200000|100%| E|  |TAMS 0x0000000088100000, 0x0000000088100000| Complete 
| 130|0x0000000088200000, 0x0000000088300000, 0x0000000088300000|100%| E|CS|TAMS 0x0000000088200000, 0x0000000088200000| Complete 
| 131|0x0000000088300000, 0x0000000088400000, 0x0000000088400000|100%| E|CS|TAMS 0x0000000088300000, 0x0000000088300000| Complete 
| 132|0x0000000088400000, 0x0000000088500000, 0x0000000088500000|100%| E|CS|TAMS 0x0000000088400000, 0x0000000088400000| Complete 
| 133|0x0000000088500000, 0x0000000088600000, 0x0000000088600000|100%| E|CS|TAMS 0x0000000088500000, 0x0000000088500000| Complete 
| 134|0x0000000088600000, 0x0000000088700000, 0x0000000088700000|100%| E|CS|TAMS 0x0000000088600000, 0x0000000088600000| Complete 
| 135|0x0000000088700000, 0x0000000088800000, 0x0000000088800000|100%| E|CS|TAMS 0x0000000088700000, 0x0000000088700000| Complete 
| 136|0x0000000088800000, 0x0000000088900000, 0x0000000088900000|100%| E|CS|TAMS 0x0000000088800000, 0x0000000088800000| Complete 

Card table byte_map: [0x000002823b840000,0x000002823bc40000] _byte_map_base: 0x000002823b440000

Marking Bits (Prev, Next): (CMBitMap*) 0x0000028228fc2af0, (CMBitMap*) 0x0000028228fc2b30
 Prev Bits: [0x000002823c040000, 0x000002823e040000)
 Next Bits: [0x000002823e040000, 0x0000028240040000)

Polling page: 0x0000028228730000

Metaspace:

Usage:
  Non-class:     45.29 MB used.
      Class:      7.01 MB used.
       Both:     52.31 MB used.

Virtual space:
  Non-class space:       64.00 MB reserved,      45.62 MB ( 71%) committed,  1 nodes.
      Class space:        1.00 GB reserved,       7.31 MB ( <1%) committed,  1 nodes.
             Both:        1.06 GB reserved,      52.94 MB (  5%) committed. 

Chunk freelists:
   Non-Class:  2.12 MB
       Class:  8.66 MB
        Both:  10.78 MB

MaxMetaspaceSize: unlimited
CompressedClassSpaceSize: 1.00 GB
Initial GC threshold: 21.00 MB
Current GC threshold: 87.19 MB
CDS: off
MetaspaceReclaimPolicy: balanced
 - commit_granule_bytes: 65536.
 - commit_granule_words: 8192.
 - virtual_space_node_default_size: 8388608.
 - enlarge_chunks_in_place: 1.
 - new_chunks_are_fully_committed: 0.
 - uncommit_free_chunks: 1.
 - use_allocation_guard: 0.
 - handle_deallocations: 1.


Internal statistics:

num_allocs_failed_limit: 3.
num_arena_births: 626.
num_arena_deaths: 0.
num_vsnodes_births: 2.
num_vsnodes_deaths: 0.
num_space_committed: 847.
num_space_uncommitted: 0.
num_chunks_returned_to_freelist: 3.
num_chunks_taken_from_freelist: 2397.
num_chunk_merges: 3.
num_chunk_splits: 1548.
num_chunks_enlarged: 1029.
num_inconsistent_stats: 0.

CodeHeap 'non-profiled nmethods': size=120000Kb used=3151Kb max_used=3151Kb free=116848Kb
 bounds [0x0000028233f10000, 0x0000028234230000, 0x000002823b440000]
CodeHeap 'profiled nmethods': size=120000Kb used=10549Kb max_used=10549Kb free=109450Kb
 bounds [0x000002822c440000, 0x000002822ce90000, 0x0000028233970000]
CodeHeap 'non-nmethods': size=5760Kb used=2309Kb max_used=2347Kb free=3451Kb
 bounds [0x0000028233970000, 0x0000028233be0000, 0x0000028233f10000]
 total_blobs=5940 nmethods=5113 adapters=738
 compilation: enabled
              stopped_count=0, restarted_count=0
 full_count=0

Compilation events (20 events):
Event: 74.263 Thread 0x0000028242529b70 nmethod 5093 0x000002822ce7c390 code [0x000002822ce7c520, 0x000002822ce7c668]
Event: 74.263 Thread 0x0000028242529b70 5094       3       com.google.common.collect.RegularImmutableMap::get (64 bytes)
Event: 74.264 Thread 0x0000028242529b70 nmethod 5094 0x000002822ce7c710 code [0x000002822ce7c920, 0x000002822ce7ceb8]
Event: 74.271 Thread 0x0000028242529b70 5095       3       org.gradle.internal.instantiation.generator.AbstractClassGenerator::isEagerAttachProperty (33 bytes)
Event: 74.273 Thread 0x0000028242529b70 nmethod 5095 0x000002822ce7d090 code [0x000002822ce7d300, 0x000002822ce7de98]
Event: 74.273 Thread 0x0000028242529b70 5099       3       org.gradle.internal.instantiation.generator.AbstractClassGenerator$AbstractInjectedPropertyHandler::claimPropertyImplementation (61 bytes)
Event: 74.275 Thread 0x0000028242529b70 nmethod 5099 0x000002822ce7e210 code [0x000002822ce7e4a0, 0x000002822ce7f188]
Event: 74.275 Thread 0x0000028242529b70 5098       3       org.gradle.internal.instantiation.generator.AbstractClassGenerator$ManagedPropertiesHandler::claimPropertyImplementation (141 bytes)
Event: 74.277 Thread 0x0000028242529b70 nmethod 5098 0x000002822ce7f590 code [0x000002822ce7f8a0, 0x000002822ce80bf8]
Event: 74.277 Thread 0x0000028242529b70 5096       3       org.gradle.internal.instantiation.generator.AbstractClassGenerator$ServicesPropertyHandler::claimPropertyImplementation (40 bytes)
Event: 74.278 Thread 0x0000028242529b70 nmethod 5096 0x000002822ce81110 code [0x000002822ce81340, 0x000002822ce81bf8]
Event: 74.278 Thread 0x0000028242529b70 5097       3       org.gradle.internal.instantiation.generator.AbstractClassGenerator$NamePropertyHandler::claimPropertyImplementation (16 bytes)
Event: 74.278 Thread 0x0000028242529b70 nmethod 5097 0x000002822ce81f10 code [0x000002822ce820c0, 0x000002822ce82328]
Event: 74.280 Thread 0x0000028242529270 5100       4       org.objectweb.asm.Type::getInternalName (16 bytes)
Event: 74.287 Thread 0x0000028242529270 nmethod 5100 0x0000028234223010 code [0x00000282342231a0, 0x00000282342236d8]
Event: 74.290 Thread 0x0000028242529b70 5101       3       com.google.common.collect.ImmutableList$Builder::<init> (18 bytes)
Event: 74.290 Thread 0x0000028242529b70 nmethod 5101 0x000002822ce82410 code [0x000002822ce825c0, 0x000002822ce82898]
Event: 74.290 Thread 0x0000028242529b70 5102       3       com.google.common.collect.ImmutableList$Builder::build (17 bytes)
Event: 74.290 Thread 0x0000028242529b70 nmethod 5102 0x000002822ce82990 code [0x000002822ce82b20, 0x000002822ce82c68]
Event: 74.361 Thread 0x0000028242529270 5103   !   4       java.net.URLClassLoader::findClass (47 bytes)

GC Heap History (20 events):
Event: 27.119 GC heap before
{Heap before GC invocations=15 (full 0):
 garbage-first heap   total 83968K, used 63746K [0x0000000080000000, 0x0000000100000000)
  region size 1024K, 17 young (17408K), 1 survivors (1024K)
 Metaspace       used 31849K, committed 32256K, reserved 1114112K
  class space    used 4348K, committed 4544K, reserved 1048576K
}
Event: 27.137 GC heap after
{Heap after GC invocations=16 (full 0):
 garbage-first heap   total 83968K, used 49586K [0x0000000080000000, 0x0000000100000000)
  region size 1024K, 3 young (3072K), 3 survivors (3072K)
 Metaspace       used 31849K, committed 32256K, reserved 1114112K
  class space    used 4348K, committed 4544K, reserved 1048576K
}
Event: 29.876 GC heap before
{Heap before GC invocations=16 (full 0):
 garbage-first heap   total 83968K, used 64946K [0x0000000080000000, 0x0000000100000000)
  region size 1024K, 18 young (18432K), 3 survivors (3072K)
 Metaspace       used 33827K, committed 34240K, reserved 1114112K
  class space    used 4665K, committed 4864K, reserved 1048576K
}
Event: 29.964 GC heap after
{Heap after GC invocations=17 (full 0):
 garbage-first heap   total 104448K, used 50249K [0x0000000080000000, 0x0000000100000000)
  region size 1024K, 1 young (1024K), 1 survivors (1024K)
 Metaspace       used 33827K, committed 34240K, reserved 1114112K
  class space    used 4665K, committed 4864K, reserved 1048576K
}
Event: 41.975 GC heap before
{Heap before GC invocations=18 (full 0):
 garbage-first heap   total 104448K, used 77897K [0x0000000080000000, 0x0000000100000000)
  region size 1024K, 29 young (29696K), 1 survivors (1024K)
 Metaspace       used 38264K, committed 38656K, reserved 1114112K
  class space    used 5268K, committed 5440K, reserved 1048576K
}
Event: 42.198 GC heap after
{Heap after GC invocations=19 (full 0):
 garbage-first heap   total 104448K, used 52036K [0x0000000080000000, 0x0000000100000000)
  region size 1024K, 3 young (3072K), 3 survivors (3072K)
 Metaspace       used 38264K, committed 38656K, reserved 1114112K
  class space    used 5268K, committed 5440K, reserved 1048576K
}
Event: 44.584 GC heap before
{Heap before GC invocations=19 (full 0):
 garbage-first heap   total 104448K, used 79684K [0x0000000080000000, 0x0000000100000000)
  region size 1024K, 31 young (31744K), 3 survivors (3072K)
 Metaspace       used 42669K, committed 43072K, reserved 1114112K
  class space    used 5707K, committed 5888K, reserved 1048576K
}
Event: 44.836 GC heap after
{Heap after GC invocations=20 (full 0):
 garbage-first heap   total 104448K, used 55768K [0x0000000080000000, 0x0000000100000000)
  region size 1024K, 4 young (4096K), 4 survivors (4096K)
 Metaspace       used 42669K, committed 43072K, reserved 1114112K
  class space    used 5707K, committed 5888K, reserved 1048576K
}
Event: 46.918 GC heap before
{Heap before GC invocations=21 (full 0):
 garbage-first heap   total 104448K, used 66008K [0x0000000080000000, 0x0000000100000000)
  region size 1024K, 16 young (16384K), 4 survivors (4096K)
 Metaspace       used 43102K, committed 43520K, reserved 1114112K
  class space    used 5753K, committed 5952K, reserved 1048576K
}
Event: 47.011 GC heap after
{Heap after GC invocations=22 (full 0):
 garbage-first heap   total 104448K, used 57889K [0x0000000080000000, 0x0000000100000000)
  region size 1024K, 3 young (3072K), 3 survivors (3072K)
 Metaspace       used 43102K, committed 43520K, reserved 1114112K
  class space    used 5753K, committed 5952K, reserved 1048576K
}
Event: 53.215 GC heap before
{Heap before GC invocations=23 (full 0):
 garbage-first heap   total 107520K, used 87585K [0x0000000080000000, 0x0000000100000000)
  region size 1024K, 27 young (27648K), 3 survivors (3072K)
 Metaspace       used 46718K, committed 47168K, reserved 1114112K
  class space    used 6192K, committed 6400K, reserved 1048576K
}
Event: 53.283 GC heap after
{Heap after GC invocations=24 (full 0):
 garbage-first heap   total 107520K, used 58162K [0x0000000080000000, 0x0000000100000000)
  region size 1024K, 3 young (3072K), 3 survivors (3072K)
 Metaspace       used 46718K, committed 47168K, reserved 1114112K
  class space    used 6192K, committed 6400K, reserved 1048576K
}
Event: 58.011 GC heap before
{Heap before GC invocations=24 (full 0):
 garbage-first heap   total 107520K, used 77618K [0x0000000080000000, 0x0000000100000000)
  region size 1024K, 23 young (23552K), 3 survivors (3072K)
 Metaspace       used 48141K, committed 48576K, reserved 1114112K
  class space    used 6409K, committed 6592K, reserved 1048576K
}
Event: 58.147 GC heap after
{Heap after GC invocations=25 (full 0):
 garbage-first heap   total 107520K, used 60551K [0x0000000080000000, 0x0000000100000000)
  region size 1024K, 4 young (4096K), 4 survivors (4096K)
 Metaspace       used 48141K, committed 48576K, reserved 1114112K
  class space    used 6409K, committed 6592K, reserved 1048576K
}
Event: 58.747 GC heap before
{Heap before GC invocations=26 (full 0):
 garbage-first heap   total 111616K, used 66695K [0x0000000080000000, 0x0000000100000000)
  region size 1024K, 9 young (9216K), 4 survivors (4096K)
 Metaspace       used 48457K, committed 48960K, reserved 1114112K
  class space    used 6432K, committed 6656K, reserved 1048576K
}
Event: 58.784 GC heap after
{Heap after GC invocations=27 (full 0):
 garbage-first heap   total 111616K, used 65248K [0x0000000080000000, 0x0000000100000000)
  region size 1024K, 2 young (2048K), 2 survivors (2048K)
 Metaspace       used 48457K, committed 48960K, reserved 1114112K
  class space    used 6432K, committed 6656K, reserved 1048576K
}
Event: 64.930 GC heap before
{Heap before GC invocations=28 (full 0):
 garbage-first heap   total 116736K, used 88800K [0x0000000080000000, 0x0000000100000000)
  region size 1024K, 23 young (23552K), 2 survivors (2048K)
 Metaspace       used 50948K, committed 51456K, reserved 1114112K
  class space    used 6694K, committed 6912K, reserved 1048576K
}
Event: 65.042 GC heap after
{Heap after GC invocations=29 (full 0):
 garbage-first heap   total 116736K, used 65918K [0x0000000080000000, 0x0000000100000000)
  region size 1024K, 3 young (3072K), 3 survivors (3072K)
 Metaspace       used 50948K, committed 51456K, reserved 1114112K
  class space    used 6694K, committed 6912K, reserved 1048576K
}
Event: 72.604 GC heap before
{Heap before GC invocations=29 (full 0):
 garbage-first heap   total 116736K, used 91518K [0x0000000080000000, 0x0000000100000000)
  region size 1024K, 28 young (28672K), 3 survivors (3072K)
 Metaspace       used 52755K, committed 53376K, reserved 1114112K
  class space    used 7039K, committed 7360K, reserved 1048576K
}
Event: 72.790 GC heap after
{Heap after GC invocations=30 (full 0):
 garbage-first heap   total 140288K, used 67321K [0x0000000080000000, 0x0000000100000000)
  region size 1024K, 3 young (3072K), 3 survivors (3072K)
 Metaspace       used 52755K, committed 53376K, reserved 1114112K
  class space    used 7039K, committed 7360K, reserved 1048576K
}

Dll operation events (3 events):
Event: 0.200 Loaded shared library C:\Users\zhasm\AppData\Local\JetBrains\Toolbox\apps\AndroidStudio\ch-0\231.9392.1.2311.11330709\jbr\bin\java.dll
Event: 0.992 Loaded shared library C:\Users\zhasm\AppData\Local\JetBrains\Toolbox\apps\AndroidStudio\ch-0\231.9392.1.2311.11330709\jbr\bin\zip.dll
Event: 3.879 Loaded shared library C:\Users\zhasm\AppData\Local\JetBrains\Toolbox\apps\AndroidStudio\ch-0\231.9392.1.2311.11330709\jbr\bin\verify.dll

Deoptimization events (20 events):
Event: 70.130 Thread 0x00000282471ca510 DEOPT PACKING pc=0x00000282340df300 sp=0x000000c4f06f8600
Event: 70.130 Thread 0x00000282471ca510 DEOPT UNPACKING pc=0x00000282339c69a3 sp=0x000000c4f06f85f0 mode 2
Event: 70.130 Thread 0x00000282471ca510 Uncommon trap: trap_request=0xffffffde fr.pc=0x0000028234133510 relative=0x00000000000004f0
Event: 70.130 Thread 0x00000282471ca510 Uncommon trap: reason=class_check action=maybe_recompile pc=0x0000028234133510 method=jdk.internal.loader.URLClassPath.getResource(Ljava/lang/String;Z)Ljdk/internal/loader/Resource; @ 53 c2
Event: 70.130 Thread 0x00000282471ca510 DEOPT PACKING pc=0x0000028234133510 sp=0x000000c4f06f86c0
Event: 70.130 Thread 0x00000282471ca510 DEOPT UNPACKING pc=0x00000282339c69a3 sp=0x000000c4f06f8680 mode 2
Event: 72.045 Thread 0x00000282471ca510 Uncommon trap: trap_request=0xffffff45 fr.pc=0x00000282341aa2d4 relative=0x0000000000002294
Event: 72.046 Thread 0x00000282471ca510 Uncommon trap: reason=unstable_if action=reinterpret pc=0x00000282341aa2d4 method=java.lang.String.split(Ljava/lang/String;I)[Ljava/lang/String; @ 209 c2
Event: 72.046 Thread 0x00000282471ca510 DEOPT PACKING pc=0x00000282341aa2d4 sp=0x000000c4f06f9460
Event: 72.046 Thread 0x00000282471ca510 DEOPT UNPACKING pc=0x00000282339c69a3 sp=0x000000c4f06f9440 mode 2
Event: 72.104 Thread 0x00000282471ca510 DEOPT PACKING pc=0x000002822c7f439b sp=0x000000c4f06f8cb0
Event: 72.104 Thread 0x00000282471ca510 DEOPT UNPACKING pc=0x00000282339c7143 sp=0x000000c4f06f8120 mode 0
Event: 72.469 Thread 0x00000282471ca510 Uncommon trap: trap_request=0xffffffc6 fr.pc=0x000002823415e5ac relative=0x0000000000002ecc
Event: 72.469 Thread 0x00000282471ca510 Uncommon trap: reason=bimorphic_or_optimized_type_check action=maybe_recompile pc=0x000002823415e5ac method=java.util.AbstractCollection.addAll(Ljava/util/Collection;)Z @ 29 c2
Event: 72.469 Thread 0x00000282471ca510 DEOPT PACKING pc=0x000002823415e5ac sp=0x000000c4f06fba40
Event: 72.469 Thread 0x00000282471ca510 DEOPT UNPACKING pc=0x00000282339c69a3 sp=0x000000c4f06fba30 mode 2
Event: 73.928 Thread 0x00000282471ca510 Uncommon trap: trap_request=0xffffffde fr.pc=0x000002823411d18c relative=0x0000000000002fac
Event: 73.929 Thread 0x00000282471ca510 Uncommon trap: reason=class_check action=maybe_recompile pc=0x000002823411d18c method=java.util.regex.Pattern$CharProperty.study(Ljava/util/regex/Pattern$TreeInfo;)Z @ 25 c2
Event: 73.929 Thread 0x00000282471ca510 DEOPT PACKING pc=0x000002823411d18c sp=0x000000c4f06f98f0
Event: 73.931 Thread 0x00000282471ca510 DEOPT UNPACKING pc=0x00000282339c69a3 sp=0x000000c4f06f97e8 mode 2

Classes unloaded (0 events):
No events

Classes redefined (0 events):
No events

Internal exceptions (20 events):
Event: 64.312 Thread 0x00000282471ca510 Exception <a 'java/lang/NoSuchMethodError'{0x0000000085e27560}: 'java.lang.Object java.lang.invoke.DirectMethodHandle$Holder.invokeStatic(java.lang.Object, java.lang.Object, java.lang.Object, java.lang.Object, java.lang.Object, java.lang.Object, java.lang.Object, java.lang.Object, java.lang.Object, java.lang.Object, java.lang.Object, java.lang.Object, java.lang.Object, java.lang.Object, java.lang.Object, java.lang.Object, java.lang.Object)'> (0x0000000085e27560) 
thrown [s\src\hotspot\share\interpreter\lin
Event: 64.333 Thread 0x00000282471ca510 Exception <a 'java/lang/NoSuchMethodError'{0x0000000085e50908}: 'java.lang.Object java.lang.invoke.DirectMethodHandle$Holder.invokeStatic(java.lang.Object, java.lang.Object, java.lang.Object, java.lang.Object, java.lang.Object, java.lang.Object, java.lang.Object, java.lang.Object, java.lang.Object, java.lang.Object, java.lang.Object, java.lang.Object, java.lang.Object, java.lang.Object, java.lang.Object, java.lang.Object, java.lang.Object, java.lang.Object)'> (0x0000000085e50908) 
thrown [s\src\hotspot\sha
Event: 64.354 Thread 0x00000282471ca510 Exception <a 'java/lang/NoSuchMethodError'{0x0000000085e7b0a0}: 'java.lang.Object java.lang.invoke.DirectMethodHandle$Holder.invokeStatic(java.lang.Object, java.lang.Object, java.lang.Object, java.lang.Object, java.lang.Object, java.lang.Object, java.lang.Object, java.lang.Object, java.lang.Object, java.lang.Object, java.lang.Object, java.lang.Object, java.lang.Object, java.lang.Object, java.lang.Object, java.lang.Object, java.lang.Object, java.lang.Object, java.lang.Object)'> (0x0000000085e7b0a0) 
thrown 
Event: 64.387 Thread 0x00000282471ca510 Exception <a 'java/lang/NoSuchMethodError'{0x0000000085ea6388}: 'java.lang.Object java.lang.invoke.DirectMethodHandle$Holder.invokeStatic(java.lang.Object, java.lang.Object, java.lang.Object, java.lang.Object, java.lang.Object, java.lang.Object, java.lang.Object, java.lang.Object, java.lang.Object, java.lang.Object, java.lang.Object, java.lang.Object, java.lang.Object, java.lang.Object, java.lang.Object, java.lang.Object, java.lang.Object, java.lang.Object, java.lang.Object, java.lang.Object)'> (0x00000000
Event: 64.411 Thread 0x00000282471ca510 Exception <a 'java/lang/NoSuchMethodError'{0x0000000085ed2a58}: 'java.lang.Object java.lang.invoke.DirectMethodHandle$Holder.invokeStatic(java.lang.Object, java.lang.Object, java.lang.Object, java.lang.Object, java.lang.Object, java.lang.Object, java.lang.Object, java.lang.Object, java.lang.Object, java.lang.Object, java.lang.Object, java.lang.Object, java.lang.Object, java.lang.Object, java.lang.Object, java.lang.Object, java.lang.Object, java.lang.Object, java.lang.Object, java.lang.Object, java.lang.Obj
Event: 64.436 Thread 0x00000282471ca510 Exception <a 'java/lang/NoSuchMethodError'{0x0000000085eff7e0}: 'java.lang.Object java.lang.invoke.DirectMethodHandle$Holder.invokeStatic(java.lang.Object, java.lang.Object, java.lang.Object, java.lang.Object, java.lang.Object, java.lang.Object, java.lang.Object, java.lang.Object, java.lang.Object, java.lang.Object, java.lang.Object, java.lang.Object, java.lang.Object, java.lang.Object, java.lang.Object, java.lang.Object, java.lang.Object, java.lang.Object, java.lang.Object, java.lang.Object, java.lang.Obj
Event: 64.454 Thread 0x00000282471ca510 Exception <a 'java/lang/NoSuchMethodError'{0x0000000085d2dba0}: 'java.lang.Object java.lang.invoke.DirectMethodHandle$Holder.invokeStatic(java.lang.Object, java.lang.Object, java.lang.Object, java.lang.Object, java.lang.Object, java.lang.Object, java.lang.Object, java.lang.Object, java.lang.Object, java.lang.Object, java.lang.Object, java.lang.Object, java.lang.Object, java.lang.Object, java.lang.Object, java.lang.Object, java.lang.Object, java.lang.Object, java.lang.Object, java.lang.Object, java.lang.Obj
Event: 64.488 Thread 0x00000282471ca510 Exception <a 'java/lang/NoSuchMethodError'{0x0000000085d5d720}: 'java.lang.Object java.lang.invoke.DirectMethodHandle$Holder.invokeStatic(java.lang.Object, java.lang.Object, java.lang.Object, java.lang.Object, java.lang.Object, java.lang.Object, java.lang.Object, java.lang.Object, java.lang.Object, java.lang.Object, java.lang.Object, java.lang.Object, java.lang.Object, java.lang.Object, java.lang.Object, java.lang.Object, java.lang.Object, java.lang.Object, java.lang.Object, java.lang.Object, java.lang.Obj
Event: 64.517 Thread 0x00000282471ca510 Exception <a 'java/lang/NoSuchMethodError'{0x0000000085d8efc8}: 'java.lang.Object java.lang.invoke.DirectMethodHandle$Holder.invokeStatic(java.lang.Object, java.lang.Object, java.lang.Object, java.lang.Object, java.lang.Object, java.lang.Object, java.lang.Object, java.lang.Object, java.lang.Object, java.lang.Object, java.lang.Object, java.lang.Object, java.lang.Object, java.lang.Object, java.lang.Object, java.lang.Object, java.lang.Object, java.lang.Object, java.lang.Object, java.lang.Object, java.lang.Obj
Event: 66.308 Thread 0x00000282471ca510 Exception <a 'java/lang/IncompatibleClassChangeError'{0x00000000868d48a0}: Found class java.lang.Object, but interface was expected> (0x00000000868d48a0) 
thrown [s\src\hotspot\share\interpreter\linkResolver.cpp, line 838]
Event: 68.277 Thread 0x00000282471ca510 Exception <a 'java/lang/IncompatibleClassChangeError'{0x00000000865840a0}: Found class java.lang.Object, but interface was expected> (0x00000000865840a0) 
thrown [s\src\hotspot\share\interpreter\linkResolver.cpp, line 838]
Event: 68.741 Thread 0x00000282471ca510 Exception <a 'java/lang/NoSuchMethodError'{0x000000008641cde8}: 'void java.lang.invoke.DirectMethodHandle$Holder.invokeStatic(java.lang.Object, java.lang.Object, java.lang.Object, java.lang.Object, java.lang.Object, java.lang.Object)'> (0x000000008641cde8) 
thrown [s\src\hotspot\share\interpreter\linkResolver.cpp, line 771]
Event: 68.902 Thread 0x00000282471ca510 Exception <a 'java/lang/NoSuchMethodError'{0x0000000086335598}: 'int java.lang.invoke.DirectMethodHandle$Holder.invokeStaticInit(java.lang.Object, java.lang.Object, java.lang.Object, java.lang.Object, java.lang.Object)'> (0x0000000086335598) 
thrown [s\src\hotspot\share\interpreter\linkResolver.cpp, line 771]
Event: 70.875 Thread 0x00000282471ca510 Exception <a 'java/lang/IncompatibleClassChangeError'{0x0000000085ca4b40}: Found class java.lang.Object, but interface was expected> (0x0000000085ca4b40) 
thrown [s\src\hotspot\share\interpreter\linkResolver.cpp, line 838]
Event: 73.032 Thread 0x00000282471ca510 Exception <a 'java/lang/ClassNotFoundException'{0x000000008872b340}: org/jetbrains/plugins/gradle/model/web/WebConfigurationBeanInfo> (0x000000008872b340) 
thrown [s\src\hotspot\share\classfile\systemDictionary.cpp, line 256]
Event: 73.036 Thread 0x00000282471ca510 Exception <a 'java/lang/ClassNotFoundException'{0x0000000088733928}: org/jetbrains/plugins/gradle/model/web/WebConfigurationCustomizer> (0x0000000088733928) 
thrown [s\src\hotspot\share\classfile\systemDictionary.cpp, line 256]
Event: 73.103 Thread 0x00000282471ca510 Exception <a 'java/lang/ClassNotFoundException'{0x00000000887574f0}: org/jetbrains/plugins/gradle/model/scala/ScalaModelBeanInfo> (0x00000000887574f0) 
thrown [s\src\hotspot\share\classfile\systemDictionary.cpp, line 256]
Event: 73.105 Thread 0x00000282471ca510 Exception <a 'java/lang/ClassNotFoundException'{0x000000008875fa38}: org/jetbrains/plugins/gradle/model/scala/ScalaModelCustomizer> (0x000000008875fa38) 
thrown [s\src\hotspot\share\classfile\systemDictionary.cpp, line 256]
Event: 73.168 Thread 0x00000282471ca510 Exception <a 'java/lang/ClassNotFoundException'{0x000000008879c3d8}: org/jetbrains/plugins/gradle/model/DependencyAccessorsModelBeanInfo> (0x000000008879c3d8) 
thrown [s\src\hotspot\share\classfile\systemDictionary.cpp, line 256]
Event: 73.169 Thread 0x00000282471ca510 Exception <a 'java/lang/ClassNotFoundException'{0x00000000887a49e8}: org/jetbrains/plugins/gradle/model/DependencyAccessorsModelCustomizer> (0x00000000887a49e8) 
thrown [s\src\hotspot\share\classfile\systemDictionary.cpp, line 256]

VM Operations (20 events):
Event: 68.467 Executing VM operation: Cleanup
Event: 68.482 Executing VM operation: Cleanup done
Event: 69.483 Executing VM operation: Cleanup
Event: 69.484 Executing VM operation: Cleanup done
Event: 70.490 Executing VM operation: Cleanup
Event: 70.506 Executing VM operation: Cleanup done
Event: 71.513 Executing VM operation: Cleanup
Event: 71.530 Executing VM operation: Cleanup done
Event: 72.531 Executing VM operation: Cleanup
Event: 72.563 Executing VM operation: Cleanup done
Event: 72.601 Executing VM operation: G1CollectForAllocation
Event: 72.791 Executing VM operation: G1CollectForAllocation done
Event: 73.340 Executing VM operation: G1Concurrent
Event: 73.461 Executing VM operation: G1Concurrent done
Event: 73.666 Executing VM operation: G1Concurrent
Event: 73.669 Executing VM operation: G1Concurrent done
Event: 74.669 Executing VM operation: Cleanup
Event: 74.670 Executing VM operation: Cleanup done
Event: 74.793 Executing VM operation: HandshakeAllThreads
Event: 74.793 Executing VM operation: HandshakeAllThreads done

Events (20 events):
Event: 69.283 loading class jdk/internal/loader/URLClassPath$FileLoader done
Event: 69.300 loading class jdk/internal/loader/URLClassPath$FileLoader$1
Event: 69.301 loading class jdk/internal/loader/URLClassPath$FileLoader$1 done
Event: 69.762 loading class java/util/concurrent/atomic/AtomicReferenceFieldUpdater
Event: 69.767 loading class java/util/concurrent/atomic/AtomicReferenceFieldUpdater done
Event: 69.767 loading class java/util/concurrent/atomic/AtomicReferenceFieldUpdater$AtomicReferenceFieldUpdaterImpl
Event: 69.770 loading class java/util/concurrent/atomic/AtomicReferenceFieldUpdater$AtomicReferenceFieldUpdaterImpl done
Event: 69.770 loading class java/util/concurrent/atomic/AtomicReferenceFieldUpdater$AtomicReferenceFieldUpdaterImpl$1
Event: 69.772 loading class java/util/concurrent/atomic/AtomicReferenceFieldUpdater$AtomicReferenceFieldUpdaterImpl$1 done
Event: 72.058 loading class jdk/internal/math/FDBigInteger
Event: 72.074 loading class jdk/internal/math/FDBigInteger done
Event: 72.245 loading class java/util/zip/GZIPInputStream
Event: 72.249 loading class java/util/zip/GZIPInputStream done
Event: 72.249 loading class java/util/zip/GZIPOutputStream
Event: 72.251 loading class java/util/zip/GZIPOutputStream done
Event: 73.505 Thread 0x0000028248c81230 Thread added: 0x0000028248c81230
Event: 74.402 loading class java/nio/file/AtomicMoveNotSupportedException
Event: 74.486 loading class java/nio/file/AtomicMoveNotSupportedException done
Event: 74.787 loading class java/io/FileWriter
Event: 74.791 loading class java/io/FileWriter done


Dynamic libraries:
0x00007ff67a250000 - 0x00007ff67a25a000 	C:\Users\zhasm\AppData\Local\JetBrains\Toolbox\apps\AndroidStudio\ch-0\231.9392.1.2311.11330709\jbr\bin\java.exe
0x00007ffbadff0000 - 0x00007ffbae1e8000 	C:\WINDOWS\SYSTEM32\ntdll.dll
0x00007ffbad730000 - 0x00007ffbad7ed000 	C:\WINDOWS\System32\KERNEL32.DLL
0x00007ffbabb00000 - 0x00007ffbabdf6000 	C:\WINDOWS\System32\KERNELBASE.dll
0x00007ffbab690000 - 0x00007ffbab790000 	C:\WINDOWS\System32\ucrtbase.dll
0x00007ffb51780000 - 0x00007ffb51797000 	C:\Users\zhasm\AppData\Local\JetBrains\Toolbox\apps\AndroidStudio\ch-0\231.9392.1.2311.11330709\jbr\bin\jli.dll
0x00007ffba5b00000 - 0x00007ffba5b1b000 	C:\Users\zhasm\AppData\Local\JetBrains\Toolbox\apps\AndroidStudio\ch-0\231.9392.1.2311.11330709\jbr\bin\VCRUNTIME140.dll
0x00007ffbaddd0000 - 0x00007ffbadf6e000 	C:\WINDOWS\System32\USER32.dll
0x00007ffbabfe0000 - 0x00007ffbac002000 	C:\WINDOWS\System32\win32u.dll
0x00007ffbad120000 - 0x00007ffbad14c000 	C:\WINDOWS\System32\GDI32.dll
0x00007ffbab850000 - 0x00007ffbab96a000 	C:\WINDOWS\System32\gdi32full.dll
0x00007ffbabeb0000 - 0x00007ffbabf4d000 	C:\WINDOWS\System32\msvcp_win.dll
0x00007ffb904c0000 - 0x00007ffb9075a000 	C:\WINDOWS\WinSxS\amd64_microsoft.windows.common-controls_6595b64144ccf1df_6.0.19041.3636_none_60b6a03d71f818d5\COMCTL32.dll
0x00007ffbac020000 - 0x00007ffbac0be000 	C:\WINDOWS\System32\msvcrt.dll
0x00007ffbad150000 - 0x00007ffbad180000 	C:\WINDOWS\System32\IMM32.DLL
0x00007ffba5af0000 - 0x00007ffba5afc000 	C:\Users\zhasm\AppData\Local\JetBrains\Toolbox\apps\AndroidStudio\ch-0\231.9392.1.2311.11330709\jbr\bin\vcruntime140_1.dll
0x00007ffb73210000 - 0x00007ffb7329d000 	C:\Users\zhasm\AppData\Local\JetBrains\Toolbox\apps\AndroidStudio\ch-0\231.9392.1.2311.11330709\jbr\bin\msvcp140.dll
0x00007ffb3f9f0000 - 0x00007ffb40670000 	C:\Users\zhasm\AppData\Local\JetBrains\Toolbox\apps\AndroidStudio\ch-0\231.9392.1.2311.11330709\jbr\bin\server\jvm.dll
0x00007ffbad550000 - 0x00007ffbad603000 	C:\WINDOWS\System32\ADVAPI32.dll
0x00007ffbad7f0000 - 0x00007ffbad88f000 	C:\WINDOWS\System32\sechost.dll
0x00007ffbac170000 - 0x00007ffbac296000 	C:\WINDOWS\System32\RPCRT4.dll
0x00007ffbabad0000 - 0x00007ffbabaf7000 	C:\WINDOWS\System32\bcrypt.dll
0x00007ffb936c0000 - 0x00007ffb936c9000 	C:\WINDOWS\SYSTEM32\WSOCK32.dll
0x00007ffbad180000 - 0x00007ffbad1eb000 	C:\WINDOWS\System32\WS2_32.dll
0x00007ffba27d0000 - 0x00007ffba27f7000 	C:\WINDOWS\SYSTEM32\WINMM.dll
0x00007ffba4fe0000 - 0x00007ffba4fea000 	C:\WINDOWS\SYSTEM32\VERSION.dll
0x00007ffba9ed0000 - 0x00007ffba9ee2000 	C:\WINDOWS\SYSTEM32\kernel.appcore.dll
0x00007ffb84940000 - 0x00007ffb8494a000 	C:\Users\zhasm\AppData\Local\JetBrains\Toolbox\apps\AndroidStudio\ch-0\231.9392.1.2311.11330709\jbr\bin\jimage.dll
0x00007ffb9a9f0000 - 0x00007ffb9abd4000 	C:\WINDOWS\SYSTEM32\DBGHELP.DLL
0x00007ffb92550000 - 0x00007ffb92584000 	C:\WINDOWS\SYSTEM32\dbgcore.DLL
0x00007ffbabf50000 - 0x00007ffbabfd2000 	C:\WINDOWS\System32\bcryptPrimitives.dll
0x00007ffb86c70000 - 0x00007ffb86c7e000 	C:\Users\zhasm\AppData\Local\JetBrains\Toolbox\apps\AndroidStudio\ch-0\231.9392.1.2311.11330709\jbr\bin\instrument.dll
0x00007ffb840c0000 - 0x00007ffb840e5000 	C:\Users\zhasm\AppData\Local\JetBrains\Toolbox\apps\AndroidStudio\ch-0\231.9392.1.2311.11330709\jbr\bin\java.dll
0x00007ffb83f20000 - 0x00007ffb83f38000 	C:\Users\zhasm\AppData\Local\JetBrains\Toolbox\apps\AndroidStudio\ch-0\231.9392.1.2311.11330709\jbr\bin\zip.dll
0x00007ffbac9d0000 - 0x00007ffbad115000 	C:\WINDOWS\System32\SHELL32.dll
0x00007ffba95b0000 - 0x00007ffba9d4b000 	C:\WINDOWS\SYSTEM32\windows.storage.dll
0x00007ffbad1f0000 - 0x00007ffbad544000 	C:\WINDOWS\System32\combase.dll
0x00007ffbaaff0000 - 0x00007ffbab01d000 	C:\WINDOWS\SYSTEM32\Wldp.dll
0x00007ffbada30000 - 0x00007ffbadadd000 	C:\WINDOWS\System32\SHCORE.dll
0x00007ffbac2a0000 - 0x00007ffbac2f5000 	C:\WINDOWS\System32\shlwapi.dll
0x00007ffbab5c0000 - 0x00007ffbab5e5000 	C:\WINDOWS\SYSTEM32\profapi.dll
0x00007ffb79fe0000 - 0x00007ffb79ff9000 	C:\Users\zhasm\AppData\Local\JetBrains\Toolbox\apps\AndroidStudio\ch-0\231.9392.1.2311.11330709\jbr\bin\net.dll
0x00007ffb9fd60000 - 0x00007ffb9fe6a000 	C:\WINDOWS\SYSTEM32\WINHTTP.dll
0x00007ffbaad50000 - 0x00007ffbaadba000 	C:\WINDOWS\system32\mswsock.dll
0x00007ffb5c550000 - 0x00007ffb5c566000 	C:\Users\zhasm\AppData\Local\JetBrains\Toolbox\apps\AndroidStudio\ch-0\231.9392.1.2311.11330709\jbr\bin\nio.dll
0x00007ffb86ca0000 - 0x00007ffb86cb0000 	C:\Users\zhasm\AppData\Local\JetBrains\Toolbox\apps\AndroidStudio\ch-0\231.9392.1.2311.11330709\jbr\bin\verify.dll
0x00007ffba5970000 - 0x00007ffba5997000 	C:\Users\zhasm\.gradle\native\68d5fa5c4cc2d200863cafc0d521ce42e7d3e7ee720ec0a83991735586a16f82\windows-amd64\native-platform.dll
0x00007ffb6f260000 - 0x00007ffb6f3a4000 	C:\Users\zhasm\.gradle\native\e376f236ea51e6404a007f0833ffe2c6e607c4080706a723a18a27aeea778392\windows-amd64\native-platform-file-events.dll
0x00007ffb86c90000 - 0x00007ffb86c99000 	C:\Users\zhasm\AppData\Local\JetBrains\Toolbox\apps\AndroidStudio\ch-0\231.9392.1.2311.11330709\jbr\bin\management.dll
0x00007ffb86c80000 - 0x00007ffb86c8b000 	C:\Users\zhasm\AppData\Local\JetBrains\Toolbox\apps\AndroidStudio\ch-0\231.9392.1.2311.11330709\jbr\bin\management_ext.dll
0x00007ffbadf70000 - 0x00007ffbadf78000 	C:\WINDOWS\System32\PSAPI.DLL
0x00007ffbaaf50000 - 0x00007ffbaaf68000 	C:\WINDOWS\SYSTEM32\CRYPTSP.dll
0x00007ffbaa680000 - 0x00007ffbaa6b4000 	C:\WINDOWS\system32\rsaenh.dll
0x00007ffbab580000 - 0x00007ffbab5ae000 	C:\WINDOWS\SYSTEM32\USERENV.dll
0x00007ffbaaf40000 - 0x00007ffbaaf4c000 	C:\WINDOWS\SYSTEM32\CRYPTBASE.dll
0x00007ffbaaa40000 - 0x00007ffbaaa7b000 	C:\WINDOWS\SYSTEM32\IPHLPAPI.DLL
0x00007ffbada20000 - 0x00007ffbada28000 	C:\WINDOWS\System32\NSI.dll
0x00007ffba27b0000 - 0x00007ffba27c7000 	C:\WINDOWS\SYSTEM32\dhcpcsvc6.DLL
0x00007ffba4700000 - 0x00007ffba471d000 	C:\WINDOWS\SYSTEM32\dhcpcsvc.DLL
0x00007ffbaaa80000 - 0x00007ffbaab4a000 	C:\WINDOWS\SYSTEM32\DNSAPI.dll
0x00007ffb86cb0000 - 0x00007ffb86cb7000 	C:\WINDOWS\system32\wshunix.dll

dbghelp: loaded successfully - version: 4.0.5 - missing functions: none
symbol engine: initialized successfully - sym options: 0x614 - pdb path: .;C:\Users\zhasm\AppData\Local\JetBrains\Toolbox\apps\AndroidStudio\ch-0\231.9392.1.2311.11330709\jbr\bin;C:\WINDOWS\SYSTEM32;C:\WINDOWS\WinSxS\amd64_microsoft.windows.common-controls_6595b64144ccf1df_6.0.19041.3636_none_60b6a03d71f818d5;C:\Users\zhasm\AppData\Local\JetBrains\Toolbox\apps\AndroidStudio\ch-0\231.9392.1.2311.11330709\jbr\bin\server;C:\Users\zhasm\.gradle\native\68d5fa5c4cc2d200863cafc0d521ce42e7d3e7ee720ec0a83991735586a16f82\windows-amd64;C:\Users\zhasm\.gradle\native\e376f236ea51e6404a007f0833ffe2c6e607c4080706a723a18a27aeea778392\windows-amd64

VM Arguments:
jvm_args: --add-opens=java.base/java.util=ALL-UNNAMED --add-opens=java.base/java.lang=ALL-UNNAMED --add-opens=java.base/java.lang.invoke=ALL-UNNAMED --add-opens=java.prefs/java.util.prefs=ALL-UNNAMED --add-opens=java.base/java.nio.charset=ALL-UNNAMED --add-opens=java.base/java.net=ALL-UNNAMED --add-opens=java.base/java.util.concurrent.atomic=ALL-UNNAMED -Xmx2048m -Dfile.encoding=UTF-8 -Duser.country=RU -Duser.language=ru -Duser.variant -javaagent:C:\Users\zhasm\.gradle\wrapper\dists\gradle-8.2-bin\bbg7u40eoinfdyxsxr3z4i7ta\gradle-8.2\lib\agents\gradle-instrumentation-agent-8.2.jar 
java_command: org.gradle.launcher.daemon.bootstrap.GradleDaemon 8.2
java_class_path (initial): C:\Users\zhasm\.gradle\wrapper\dists\gradle-8.2-bin\bbg7u40eoinfdyxsxr3z4i7ta\gradle-8.2\lib\gradle-launcher-8.2.jar
Launcher Type: SUN_STANDARD

[Global flags]
     intx CICompilerCount                          = 3                                         {product} {ergonomic}
     uint ConcGCThreads                            = 1                                         {product} {ergonomic}
     uint G1ConcRefinementThreads                  = 4                                         {product} {ergonomic}
   size_t G1HeapRegionSize                         = 1048576                                   {product} {ergonomic}
    uintx GCDrainStackTargetSize                   = 64                                        {product} {ergonomic}
   size_t InitialHeapSize                          = 58720256                                  {product} {ergonomic}
   size_t MarkStackSize                            = 4194304                                   {product} {ergonomic}
   size_t MaxHeapSize                              = 2147483648                                {product} {command line}
   size_t MaxNewSize                               = 1287651328                                {product} {ergonomic}
   size_t MinHeapDeltaBytes                        = 1048576                                   {product} {ergonomic}
   size_t MinHeapSize                              = 8388608                                   {product} {ergonomic}
    uintx NonNMethodCodeHeapSize                   = 5832780                                {pd product} {ergonomic}
    uintx NonProfiledCodeHeapSize                  = 122912730                              {pd product} {ergonomic}
    uintx ProfiledCodeHeapSize                     = 122912730                              {pd product} {ergonomic}
    uintx ReservedCodeCacheSize                    = 251658240                              {pd product} {ergonomic}
     bool SegmentedCodeCache                       = true                                      {product} {ergonomic}
   size_t SoftMaxHeapSize                          = 2147483648                             {manageable} {ergonomic}
     bool UseCompressedClassPointers               = true                           {product lp64_product} {ergonomic}
     bool UseCompressedOops                        = true                           {product lp64_product} {ergonomic}
     bool UseG1GC                                  = true                                      {product} {ergonomic}
     bool UseLargePagesIndividualAllocation        = false                                  {pd product} {ergonomic}

Logging:
Log output configuration:
 #0: stdout all=warning uptime,level,tags
 #1: stderr all=off uptime,level,tags

Environment Variables:
PATH=C:\Users\zhasm\Downloads\WINDOWS.X64_193000_db_home\bin;C:\Program Files\Common Files\Oracle\Java\javapath;C:\Program Files\Python39\Scripts\;C:\Program Files\Python39\;C:\WINDOWS\system32;C:\WINDOWS;C:\WINDOWS\System32\Wbem;C:\WINDOWS\System32\WindowsPowerShell\v1.0\;C:\WINDOWS\System32\OpenSSH\;C:\Program Files\Microsoft SQL Server\130\Tools\Binn\;C:\Program Files\Microsoft SQL Server\150\Tools\Binn\;C:\Program Files\Microsoft SQL Server\Client SDK\ODBC\170\Tools\Binn\;C:\Program Files\dotnet\;C:\Program Files (x86)\Microsoft SQL Server\160\Tools\Binn\;C:\Program Files\Microsoft SQL Server\160\Tools\Binn\;C:\Program Files\Microsoft SQL Server\160\DTS\Binn\;C:\Program Files\Git\cmd;C:\php;C:\Users\zhasm\AppData\Local\JetBrains\Toolbox\scripts;C:\Program Files\Azure Data Studio\bin;C:\Users\zhasm\AppData\Local\Programs\Microsoft VS Code\bin;C:\Program Files\PostgreSQL\10\bin;
USERNAME=zhasm
OS=Windows_NT
PROCESSOR_IDENTIFIER=AMD64 Family 23 Model 24 Stepping 1, AuthenticAMD
TMP=C:\Users\zhasm\AppData\Local\Temp
TEMP=C:\Users\zhasm\AppData\Local\Temp


JNI global refs:
JNI global refs: 26, weak refs: 0

JNI global refs memory usage: 843, weak refs: 841

OOME stack traces (most recent first):
Classloader memory used:
Loader org.gradle.internal.classloader.VisitableURLClassLoader                         : 3240K
Loader bootstrap                                                                       : 2430K
Loader org.gradle.initialization.MixInLegacyTypesClassLoader                           : 735K
Loader org.gradle.internal.classloader.VisitableURLClassLoader$InstrumentingVisitableURLClassLoader: 85078B
Loader org.gradle.internal.classloader.VisitableURLClassLoader                         : 72488B
Loader jdk.internal.loader.ClassLoaders$PlatformClassLoader                            : 67724B
Loader jdk.internal.loader.ClassLoaders$AppClassLoader                                 : 28448B
Loader jdk.internal.reflect.DelegatingClassLoader                                      : 25432B
Loader org.gradle.groovy.scripts.internal.DefaultScriptCompilationHandler$ScriptClassLoader: 11494B
Loader org.codehaus.groovy.runtime.callsite.CallSiteClassLoader                        : 6719B

Classes loaded by more than one classloader:
Class org.gradle.internal.Cast                                                        : loaded 3 times (x 69B)
Class org.gradle.api.GradleException                                                  : loaded 3 times (x 80B)
Class org.jetbrains.plugins.gradle.model.MavenRepositoryModel                         : loaded 2 times (x 68B)
Class org.gradle.internal.classpath.ClassPath                                         : loaded 2 times (x 68B)
Class org.gradle.api.internal.classpath.DefaultModuleRegistry                         : loaded 2 times (x 84B)
Class Settings_gradle$1$1                                                             : loaded 2 times (x 72B)
Class com.intellij.openapi.externalSystem.model.ExternalSystemException               : loaded 2 times (x 84B)
Class org.gradle.api.Action                                                           : loaded 2 times (x 68B)
Class org.jetbrains.kotlin.idea.gradleTooling.model.samWithReceiver.SamWithReceiverModel: loaded 2 times (x 68B)
Class org.jetbrains.plugins.gradle.model.ExternalProject                              : loaded 2 times (x 68B)
Class org.jetbrains.plugins.gradle.model.IntelliJSettings                             : loaded 2 times (x 68B)
Class org.jetbrains.kotlin.idea.gradleTooling.KotlinMPPGradleModel                    : loaded 2 times (x 68B)
Class org.gradle.api.internal.DefaultClassPathProvider                                : loaded 2 times (x 74B)
Class org.gradle.internal.installation.GradleInstallation$1                           : loaded 2 times (x 73B)
Class org.gradle.internal.exceptions.DefaultMultiCauseException                       : loaded 2 times (x 85B)
Class org.gradle.tooling.model.UnsupportedMethodException                             : loaded 2 times (x 80B)
Class org.gradle.util.GradleVersion                                                   : loaded 2 times (x 81B)
Class org.gradle.internal.classloader.FilteringClassLoader                            : loaded 2 times (x 102B)
Class org.gradle.tooling.model.Model                                                  : loaded 2 times (x 68B)
Class org.gradle.internal.classpath.DefaultClassPath$ImmutableUniqueList$Builder      : loaded 2 times (x 73B)
Class sync_studio_tooling2_23xyqtezt6h9g1kqlv2jr720z                                  : loaded 2 times (x 177B)
Class org.jetbrains.kotlin.idea.gradleTooling.KotlinSourceSetContainer                : loaded 2 times (x 68B)
Class org.gradle.internal.classloader.ClassLoaderVisitor                              : loaded 2 times (x 74B)
Class org.gradle.internal.time.DefaultCountdownTimer                                  : loaded 2 times (x 86B)
Class org.gradle.internal.service.DefaultServiceLocator                               : loaded 2 times (x 81B)
Class org.gradle.internal.service.UnknownServiceException                             : loaded 2 times (x 81B)
Class org.jetbrains.plugins.gradle.model.DependencyAccessorsModel                     : loaded 2 times (x 68B)
Class org.gradle.internal.classloader.DefaultClassLoaderFactory                       : loaded 2 times (x 80B)
Class org.jetbrains.plugins.gradle.model.GradleExtensions                             : loaded 2 times (x 68B)
Class org.jetbrains.plugins.gradle.model.VersionCatalogsModel                         : loaded 2 times (x 68B)
Class org.gradle.internal.classloader.VisitableURLClassLoader$Spec                    : loaded 2 times (x 72B)
Class org.gradle.tooling.model.ProjectModel                                           : loaded 2 times (x 68B)
Class org.gradle.internal.time.MonotonicClock                                         : loaded 2 times (x 75B)
Class org.gradle.tooling.internal.gradle.DefaultProjectIdentifier                     : loaded 2 times (x 84B)
Class org.gradle.api.internal.classpath.ModuleRegistry                                : loaded 2 times (x 68B)
Class org.jetbrains.plugins.gradle.model.RepositoriesModel                            : loaded 2 times (x 68B)
Class kotlin.jvm.internal.markers.KMappedMarker                                       : loaded 2 times (x 68B)
Class org.gradle.api.internal.ClassPathProvider                                       : loaded 2 times (x 68B)
Class org.gradle.internal.classloader.ClasspathUtil$1                                 : loaded 2 times (x 74B)
Class org.gradle.internal.classloader.ClassLoaderFactory                              : loaded 2 times (x 68B)
Class org.gradle.api.internal.classpath.ManifestUtil                                  : loaded 2 times (x 69B)
Class org.gradle.api.specs.Spec                                                       : loaded 2 times (x 68B)
Class org.gradle.tooling.internal.gradle.GradleBuildIdentity                          : loaded 2 times (x 68B)
Class org.gradle.internal.IoActions                                                   : loaded 2 times (x 69B)
Class org.gradle.api.internal.classpath.EffectiveClassPath                            : loaded 2 times (x 88B)
Class kotlin.jvm.internal.DefaultConstructorMarker                                    : loaded 2 times (x 69B)
Class org.jetbrains.kotlin.idea.gradleTooling.model.annotation.AnnotationBasedPluginModel: loaded 2 times (x 68B)
Class org.jetbrains.kotlin.idea.gradleTooling.model.assignment.AssignmentModel        : loaded 2 times (x 68B)
Class org.gradle.internal.installation.CurrentGradleInstallation                      : loaded 2 times (x 71B)
Class org.gradle.internal.agents.InstrumentingClassLoader                             : loaded 2 times (x 68B)
Class org.gradle.internal.installation.CurrentGradleInstallationLocator               : loaded 2 times (x 69B)
Class org.gradle.api.internal.classpath.Module                                        : loaded 2 times (x 68B)
Class org.gradle.internal.service.CachingServiceLocator                               : loaded 2 times (x 80B)
Class org.gradle.internal.time.Timer                                                  : loaded 2 times (x 68B)
Class org.jetbrains.plugins.gradle.model.tests.ExternalTestsModel                     : loaded 2 times (x 68B)
Class org.jetbrains.kotlin.idea.gradleTooling.KotlinDslScriptAdditionalTask           : loaded 2 times (x 68B)
Class org.gradle.internal.classpath.DefaultClassPath                                  : loaded 2 times (x 88B)
Class com.intellij.openapi.externalSystem.model.project.dependencies.ProjectDependencies: loaded 2 times (x 68B)
Class org.jetbrains.kotlin.idea.gradleTooling.PrepareKotlinIdeImportTaskModel         : loaded 2 times (x 68B)
Class org.gradle.internal.impldep.com.google.common.base.Preconditions                : loaded 2 times (x 69B)
Class kotlin.jvm.functions.Function1                                                  : loaded 2 times (x 68B)
Class org.gradle.internal.time.Time                                                   : loaded 2 times (x 69B)
Class org.gradle.internal.time.TimeSource$1                                           : loaded 2 times (x 75B)
Class org.gradle.internal.classloader.SystemClassLoaderSpec                           : loaded 2 times (x 69B)
Class kotlin.Function                                                                 : loaded 2 times (x 68B)
Class org.gradle.api.UncheckedIOException                                             : loaded 2 times (x 80B)
Class Program                                                                         : loaded 2 times (x 70B)
Class org.gradle.tooling.internal.gradle.GradleProjectIdentity                        : loaded 2 times (x 68B)
Class org.gradle.internal.time.CountdownTimer                                         : loaded 2 times (x 68B)
Class org.gradle.internal.time.Clock                                                  : loaded 2 times (x 68B)
Class org.gradle.internal.classloader.ClasspathUtil                                   : loaded 2 times (x 69B)
Class org.gradle.tooling.model.BuildIdentifier                                        : loaded 2 times (x 68B)
Class org.gradle.api.internal.DefaultClassPathRegistry                                : loaded 2 times (x 74B)
Class org.gradle.api.internal.classpath.DefaultModuleRegistry$DefaultModule           : loaded 2 times (x 84B)
Class org.gradle.internal.time.TimeSource                                             : loaded 2 times (x 68B)
Class org.jetbrains.kotlin.android.synthetic.idea.AndroidExtensionsGradleModel        : loaded 2 times (x 68B)
Class org.gradle.api.internal.classpath.UnknownModuleException                        : loaded 2 times (x 80B)
Class sync_studio_tooling2_23xyqtezt6h9g1kqlv2jr720z$_run_closure1                    : loaded 2 times (x 134B)
Class org.jetbrains.plugins.gradle.model.IntelliJProjectSettings                      : loaded 2 times (x 68B)
Class org.gradle.internal.service.ServiceLookupException                              : loaded 2 times (x 80B)
Class org.gradle.cache.GlobalCache                                                    : loaded 2 times (x 68B)
Class org.jetbrains.kotlin.idea.gradleTooling.model.lombok.LombokModel                : loaded 2 times (x 68B)
Class org.gradle.tooling.model.ProjectIdentifier                                      : loaded 2 times (x 68B)
Class [Lorg.gradle.api.internal.ClassPathProvider;                                    : loaded 2 times (x 67B)
Class org.gradle.internal.operations.MultipleBuildOperationFailures                   : loaded 2 times (x 85B)
Class org.gradle.util.internal.GUtil                                                  : loaded 2 times (x 69B)
Class org.jetbrains.plugins.gradle.model.AnnotationProcessingModel                    : loaded 2 times (x 68B)
Class org.gradle.internal.classloader.ClassLoaderSpec                                 : loaded 2 times (x 69B)
Class org.jetbrains.plugins.gradle.model.BuildScriptClasspathModel                    : loaded 2 times (x 68B)
Class org.gradle.internal.classloader.VisitableURLClassLoader                         : loaded 2 times (x 114B)
Class org.gradle.internal.installation.GradleInstallation                             : loaded 2 times (x 73B)
Class org.gradle.api.internal.ClassPathRegistry                                       : loaded 2 times (x 68B)
Class org.gradle.internal.classloader.VisitableURLClassLoader$InstrumentingVisitableURLClassLoader: loaded 2 times (x 120B)
Class org.gradle.internal.classloader.ClassLoaderHierarchy                            : loaded 2 times (x 68B)
Class org.gradle.internal.exceptions.MultiCauseException                              : loaded 2 times (x 68B)
Class org.jetbrains.kotlin.idea.gradleTooling.model.parcelize.ParcelizeGradleModel    : loaded 2 times (x 68B)
Class org.gradle.internal.InternalTransformer                                         : loaded 2 times (x 68B)
Class org.jetbrains.kotlin.idea.gradleTooling.model.noarg.NoArgModel                  : loaded 2 times (x 68B)
Class org.jetbrains.kotlin.idea.gradleTooling.KotlinGradleModel                       : loaded 2 times (x 68B)
Class org.gradle.tooling.internal.gradle.DefaultBuildIdentifier                       : loaded 2 times (x 77B)
Class org.gradle.internal.service.ServiceLocator                                      : loaded 2 times (x 68B)
Class Settings_gradle$1                                                               : loaded 2 times (x 72B)
Class org.jetbrains.kotlin.idea.gradleTooling.model.allopen.AllOpenModel              : loaded 2 times (x 68B)
Class org.gradle.internal.classpath.DefaultClassPath$ImmutableUniqueList              : loaded 2 times (x 159B)
Class ijinit_c00iqseq6l3jlo3oirclml10n                                                : loaded 2 times (x 177B)
Class org.gradle.internal.time.DefaultTimer                                           : loaded 2 times (x 78B)
Class org.gradle.internal.classpath.TransformedClassPath                              : loaded 2 times (x 94B)
Class Settings_gradle                                                                 : loaded 2 times (x 126B)


---------------  S Y S T E M  ---------------

OS:
 Windows 10 , 64 bit Build 19041 (10.0.19041.3636)
OS uptime: 0 days 0:33 hours

CPU: total 4 (initial active 4) (4 cores per cpu, 2 threads per core) family 23 model 24 stepping 1 microcode 0x0, cx8, cmov, fxsr, ht, mmx, 3dnowpref, sse, sse2, sse3, ssse3, sse4a, sse4.1, sse4.2, popcnt, lzcnt, tsc, tscinvbit, avx, avx2, aes, clmul, bmi1, bmi2, adx, sha, fma, vzeroupper, clflush, clflushopt

Memory: 4k page, system-wide physical 3504M (11M free)
TotalPageFile size 14256M (AvailPageFile size 5M)
current process WorkingSet (physical memory assigned to process): 98M, peak: 121M
current process commit charge ("private bytes"): 321M, peak: 323M

vm_info: OpenJDK 64-Bit Server VM (17.0.7+0-b2043.56-10550314) for windows-amd64 JRE (17.0.7+0-b2043.56-10550314), built on Jul 24 2023 18:27:45 by "androidbuild" with MS VC++ 16.10 / 16.11 (VS2019)

END.
